<?xml version="1.0"?><coverage lines-covered="0" lines-valid="0" line-rate="NaN" branches-covered="0" branches-valid="0" branch-rate="0" complexity="0" version="1.9" timestamp="1771795592"><sources><source>/home/izk/Documents/DRIPS/Soroban-Cookbook-</source></sources><packages><package name="examples/basics/01-hello-world/src" line-rate="0" branch-rate="0" complexity="0"><classes></classes></package><package name="examples/basics/05-auth-context/src" line-rate="0" branch-rate="0" complexity="0"><classes></classes></package><package name="examples/basics/persistent-storage/src" line-rate="0" branch-rate="0" complexity="0"><classes></classes></package><package name="examples/basics/02-storage-patterns/src" line-rate="0" branch-rate="0" complexity="0"><classes></classes></package><package name="examples/advanced/01-multi-party-auth/src" line-rate="0" branch-rate="0" complexity="0"><classes></classes></package><package name="examples/basics/temporary_storage/src" line-rate="0" branch-rate="0" complexity="0"><classes></classes></package><package name="examples/basics/03-authentication/src" line-rate="0" branch-rate="0" complexity="0"><classes></classes></package><package name="examples/basics/04-events/src" line-rate="0" branch-rate="0" complexity="0"><classes></classes></package></packages></coverage>